<?xml version="1.0" encoding="UTF-8"?>
<coverage generated="1722283742530" clover="3.2.0">
  <project timestamp="1722283742531" name="All files">
    <metrics statements="18" coveredstatements="14" conditionals="25" coveredconditionals="16" methods="5" coveredmethods="5" elements="48" coveredelements="35" complexity="0" loc="18" ncloc="18" packages="3" files="6" classes="6"/>
    <package name="button">
      <metrics statements="14" coveredstatements="10" conditionals="23" coveredconditionals="14" methods="3" coveredmethods="3"/>
      <file name="Button.tsx" path="C:\projectfile\snrgy\New folder\ref\connect-bca-frontend\src\components\base\button\Button.tsx">
        <metrics statements="14" coveredstatements="10" conditionals="23" coveredconditionals="14" methods="3" coveredmethods="3"/>
        <line num="16" count="2" type="stmt"/>
        <line num="28" count="3" type="stmt"/>
        <line num="29" count="3" type="cond" truecount="2" falsecount="2"/>
        <line num="31" count="0" type="stmt"/>
        <line num="33" count="1" type="stmt"/>
        <line num="35" count="0" type="stmt"/>
        <line num="37" count="2" type="stmt"/>
        <line num="41" count="3" type="stmt"/>
        <line num="42" count="3" type="cond" truecount="2" falsecount="2"/>
        <line num="44" count="1" type="cond" truecount="1" falsecount="1"/>
        <line num="48" count="0" type="cond" truecount="0" falsecount="2"/>
        <line num="52" count="0" type="cond" truecount="0" falsecount="2"/>
        <line num="56" count="2" type="stmt"/>
        <line num="60" count="3" type="stmt"/>
      </file>
      <file name="index.ts" path="C:\projectfile\snrgy\New folder\ref\connect-bca-frontend\src\components\base\button\index.ts">
        <metrics statements="0" coveredstatements="0" conditionals="0" coveredconditionals="0" methods="0" coveredmethods="0"/>
      </file>
    </package>
    <package name="buttonicon">
      <metrics statements="2" coveredstatements="2" conditionals="2" coveredconditionals="2" methods="1" coveredmethods="1"/>
      <file name="ButtonIcon.tsx" path="C:\projectfile\snrgy\New folder\ref\connect-bca-frontend\src\components\base\buttonicon\ButtonIcon.tsx">
        <metrics statements="2" coveredstatements="2" conditionals="2" coveredconditionals="2" methods="1" coveredmethods="1"/>
        <line num="14" count="1" type="stmt"/>
        <line num="24" count="2" type="stmt"/>
      </file>
      <file name="index.ts" path="C:\projectfile\snrgy\New folder\ref\connect-bca-frontend\src\components\base\buttonicon\index.ts">
        <metrics statements="0" coveredstatements="0" conditionals="0" coveredconditionals="0" methods="0" coveredmethods="0"/>
      </file>
    </package>
    <package name="popup">
      <metrics statements="2" coveredstatements="2" conditionals="0" coveredconditionals="0" methods="1" coveredmethods="1"/>
      <file name="index.ts" path="C:\projectfile\snrgy\New folder\ref\connect-bca-frontend\src\components\base\popup\index.ts">
        <metrics statements="0" coveredstatements="0" conditionals="0" coveredconditionals="0" methods="0" coveredmethods="0"/>
      </file>
      <file name="popup.tsx" path="C:\projectfile\snrgy\New folder\ref\connect-bca-frontend\src\components\base\popup\popup.tsx">
        <metrics statements="2" coveredstatements="2" conditionals="0" coveredconditionals="0" methods="1" coveredmethods="1"/>
        <line num="14" count="1" type="stmt"/>
        <line num="23" count="1" type="stmt"/>
      </file>
    </package>
  </project>
</coverage>
