{"C:\\projectfile\\snrgy\\New folder\\ref\\connect-bca-frontend\\src\\components\\base\\button\\Button.tsx": {"path":"C:\\projectfile\\snrgy\\New folder\\ref\\connect-bca-frontend\\src\\components\\base\\button\\Button.tsx","statementMap":{"0":{"start":{"line":16,"column":38},"end":{"line":73,"column":1}},"1":{"start":{"line":28,"column":28},"end":{"line":39,"column":3}},"2":{"start":{"line":29,"column":4},"end":{"line":38,"column":5}},"3":{"start":{"line":31,"column":8},"end":{"line":31,"column":67}},"4":{"start":{"line":33,"column":8},"end":{"line":33,"column":76}},"5":{"start":{"line":35,"column":8},"end":{"line":35,"column":70}},"6":{"start":{"line":37,"column":8},"end":{"line":37,"column":18}},"7":{"start":{"line":41,"column":32},"end":{"line":58,"column":3}},"8":{"start":{"line":42,"column":4},"end":{"line":57,"column":5}},"9":{"start":{"line":44,"column":8},"end":{"line":46,"column":41}},"10":{"start":{"line":48,"column":8},"end":{"line":50,"column":42}},"11":{"start":{"line":52,"column":8},"end":{"line":54,"column":42}},"12":{"start":{"line":56,"column":8},"end":{"line":56,"column":18}},"13":{"start":{"line":60,"column":2},"end":{"line":72,"column":4}}},"fnMap":{"0":{"name":"(anonymous_0)","decl":{"start":{"line":16,"column":38},"end":{"line":16,"column":39}},"loc":{"start":{"line":27,"column":6},"end":{"line":73,"column":1}},"line":27},"1":{"name":"(anonymous_1)","decl":{"start":{"line":28,"column":28},"end":{"line":28,"column":29}},"loc":{"start":{"line":28,"column":49},"end":{"line":39,"column":3}},"line":28},"2":{"name":"(anonymous_2)","decl":{"start":{"line":41,"column":32},"end":{"line":41,"column":33}},"loc":{"start":{"line":41,"column":72},"end":{"line":58,"column":3}},"line":41}},"branchMap":{"0":{"loc":{"start":{"line":17,"column":2},"end":{"line":17,"column":17}},"type":"default-arg","locations":[{"start":{"line":17,"column":9},"end":{"line":17,"column":17}}],"line":17},"1":{"loc":{"start":{"line":19,"column":2},"end":{"line":19,"column":18}},"type":"default-arg","locations":[{"start":{"line":19,"column":13},"end":{"line":19,"column":18}}],"line":19},"2":{"loc":{"start":{"line":22,"column":2},"end":{"line":22,"column":16}},"type":"default-arg","locations":[{"start":{"line":22,"column":14},"end":{"line":22,"column":16}}],"line":22},"3":{"loc":{"start":{"line":23,"column":2},"end":{"line":23,"column":14}},"type":"default-arg","locations":[{"start":{"line":23,"column":12},"end":{"line":23,"column":14}}],"line":23},"4":{"loc":{"start":{"line":24,"column":2},"end":{"line":24,"column":18}},"type":"default-arg","locations":[{"start":{"line":24,"column":16},"end":{"line":24,"column":18}}],"line":24},"5":{"loc":{"start":{"line":25,"column":2},"end":{"line":25,"column":12}},"type":"default-arg","locations":[{"start":{"line":25,"column":10},"end":{"line":25,"column":12}}],"line":25},"6":{"loc":{"start":{"line":26,"column":2},"end":{"line":26,"column":19}},"type":"default-arg","locations":[{"start":{"line":26,"column":14},"end":{"line":26,"column":19}}],"line":26},"7":{"loc":{"start":{"line":29,"column":4},"end":{"line":38,"column":5}},"type":"switch","locations":[{"start":{"line":30,"column":6},"end":{"line":31,"column":67}},{"start":{"line":32,"column":6},"end":{"line":33,"column":76}},{"start":{"line":34,"column":6},"end":{"line":35,"column":70}},{"start":{"line":36,"column":6},"end":{"line":37,"column":18}}],"line":29},"8":{"loc":{"start":{"line":42,"column":4},"end":{"line":57,"column":5}},"type":"switch","locations":[{"start":{"line":43,"column":6},"end":{"line":46,"column":41}},{"start":{"line":47,"column":6},"end":{"line":50,"column":42}},{"start":{"line":51,"column":6},"end":{"line":54,"column":42}},{"start":{"line":55,"column":6},"end":{"line":56,"column":18}}],"line":42},"9":{"loc":{"start":{"line":44,"column":15},"end":{"line":46,"column":40}},"type":"cond-expr","locations":[{"start":{"line":45,"column":12},"end":{"line":45,"column":45}},{"start":{"line":46,"column":12},"end":{"line":46,"column":40}}],"line":44},"10":{"loc":{"start":{"line":48,"column":15},"end":{"line":50,"column":41}},"type":"cond-expr","locations":[{"start":{"line":49,"column":12},"end":{"line":49,"column":41}},{"start":{"line":50,"column":12},"end":{"line":50,"column":41}}],"line":48},"11":{"loc":{"start":{"line":52,"column":15},"end":{"line":54,"column":41}},"type":"cond-expr","locations":[{"start":{"line":53,"column":12},"end":{"line":53,"column":41}},{"start":{"line":54,"column":12},"end":{"line":54,"column":41}}],"line":52},"12":{"loc":{"start":{"line":64,"column":16},"end":{"line":64,"column":37}},"type":"binary-expr","locations":[{"start":{"line":64,"column":16},"end":{"line":64,"column":24}},{"start":{"line":64,"column":28},"end":{"line":64,"column":37}}],"line":64}},"s":{"0":2,"1":3,"2":3,"3":0,"4":1,"5":0,"6":2,"7":3,"8":3,"9":1,"10":0,"11":0,"12":2,"13":3},"f":{"0":3,"1":3,"2":3},"b":{"0":[2],"1":[3],"2":[3],"3":[2],"4":[2],"5":[2],"6":[3],"7":[0,1,0,2],"8":[1,0,0,2],"9":[1,0],"10":[0,0],"11":[0,0],"12":[3,3]},"_coverageSchema":"1a1c01bbd47fc00a2c39e90264f33305004495a9","hash":"a81ead6c7f2da2e631b83ab4664dcac4ce1cef26"}
,"C:\\projectfile\\snrgy\\New folder\\ref\\connect-bca-frontend\\src\\components\\base\\button\\index.ts": {"path":"C:\\projectfile\\snrgy\\New folder\\ref\\connect-bca-frontend\\src\\components\\base\\button\\index.ts","statementMap":{},"fnMap":{},"branchMap":{},"s":{},"f":{},"b":{},"_coverageSchema":"1a1c01bbd47fc00a2c39e90264f33305004495a9","hash":"06e2720cf5c1f83f86d264632f9400444a6d31fe"}
,"C:\\projectfile\\snrgy\\New folder\\ref\\connect-bca-frontend\\src\\components\\base\\buttonicon\\ButtonIcon.tsx": {"path":"C:\\projectfile\\snrgy\\New folder\\ref\\connect-bca-frontend\\src\\components\\base\\buttonicon\\ButtonIcon.tsx","statementMap":{"0":{"start":{"line":14,"column":46},"end":{"line":39,"column":1}},"1":{"start":{"line":24,"column":2},"end":{"line":38,"column":4}}},"fnMap":{"0":{"name":"(anonymous_0)","decl":{"start":{"line":14,"column":46},"end":{"line":14,"column":47}},"loc":{"start":{"line":23,"column":6},"end":{"line":39,"column":1}},"line":23}},"branchMap":{"0":{"loc":{"start":{"line":21,"column":2},"end":{"line":21,"column":20}},"type":"default-arg","locations":[{"start":{"line":21,"column":18},"end":{"line":21,"column":20}}],"line":21},"1":{"loc":{"start":{"line":22,"column":2},"end":{"line":22,"column":25}},"type":"default-arg","locations":[{"start":{"line":22,"column":23},"end":{"line":22,"column":25}}],"line":22}},"s":{"0":1,"1":2},"f":{"0":2},"b":{"0":[2],"1":[2]},"_coverageSchema":"1a1c01bbd47fc00a2c39e90264f33305004495a9","hash":"7edc522acf12d9bedd63893ccc612c87a0349daf"}
,"C:\\projectfile\\snrgy\\New folder\\ref\\connect-bca-frontend\\src\\components\\base\\buttonicon\\index.ts": {"path":"C:\\projectfile\\snrgy\\New folder\\ref\\connect-bca-frontend\\src\\components\\base\\buttonicon\\index.ts","statementMap":{},"fnMap":{},"branchMap":{},"s":{},"f":{},"b":{},"_coverageSchema":"1a1c01bbd47fc00a2c39e90264f33305004495a9","hash":"e3317f5aeba24ba5e5be829b031d02809c7b18d9"}
,"C:\\projectfile\\snrgy\\New folder\\ref\\connect-bca-frontend\\src\\components\\base\\popup\\index.ts": {"path":"C:\\projectfile\\snrgy\\New folder\\ref\\connect-bca-frontend\\src\\components\\base\\popup\\index.ts","statementMap":{},"fnMap":{},"branchMap":{},"s":{},"f":{},"b":{},"_coverageSchema":"1a1c01bbd47fc00a2c39e90264f33305004495a9","hash":"fdda9b11c3b66ebaffac4488c10fa1faef532bff"}
,"C:\\projectfile\\snrgy\\New folder\\ref\\connect-bca-frontend\\src\\components\\base\\popup\\popup.tsx": {"path":"C:\\projectfile\\snrgy\\New folder\\ref\\connect-bca-frontend\\src\\components\\base\\popup\\popup.tsx","statementMap":{"0":{"start":{"line":14,"column":36},"end":{"line":46,"column":1}},"1":{"start":{"line":23,"column":2},"end":{"line":45,"column":4}}},"fnMap":{"0":{"name":"(anonymous_0)","decl":{"start":{"line":14,"column":36},"end":{"line":14,"column":37}},"loc":{"start":{"line":22,"column":6},"end":{"line":46,"column":1}},"line":22}},"branchMap":{},"s":{"0":1,"1":1},"f":{"0":1},"b":{},"_coverageSchema":"1a1c01bbd47fc00a2c39e90264f33305004495a9","hash":"6ff5246e83c46f69f4f6bb72fe52d0c70e29c87a"}
}
