TN:
SF:src\components\base\button\Button.tsx
FN:16,(anonymous_0)
FN:28,(anonymous_1)
FN:41,(anonymous_2)
FNF:3
FNH:3
FNDA:3,(anonymous_0)
FNDA:3,(anonymous_1)
FNDA:3,(anonymous_2)
DA:16,2
DA:28,3
DA:29,3
DA:31,0
DA:33,1
DA:35,0
DA:37,2
DA:41,3
DA:42,3
DA:44,1
DA:48,0
DA:52,0
DA:56,2
DA:60,3
LF:14
LH:10
BRDA:17,0,0,2
BRDA:19,1,0,3
BRDA:22,2,0,3
BRDA:23,3,0,2
BRDA:24,4,0,2
BRDA:25,5,0,2
BRDA:26,6,0,3
BRDA:29,7,0,0
BRDA:29,7,1,1
BRDA:29,7,2,0
BRDA:29,7,3,2
BRDA:42,8,0,1
BRDA:42,8,1,0
BRDA:42,8,2,0
BRDA:42,8,3,2
BRDA:44,9,0,1
BRDA:44,9,1,0
BRDA:48,10,0,0
BRDA:48,10,1,0
BRDA:52,11,0,0
BRDA:52,11,1,0
BRDA:64,12,0,3
BRDA:64,12,1,3
BRF:23
BRH:14
end_of_record
TN:
SF:src\components\base\button\index.ts
FNF:0
FNH:0
LF:0
LH:0
BRF:0
BRH:0
end_of_record
TN:
SF:src\components\base\buttonicon\ButtonIcon.tsx
FN:14,(anonymous_0)
FNF:1
FNH:1
FNDA:2,(anonymous_0)
DA:14,1
DA:24,2
LF:2
LH:2
BRDA:21,0,0,2
BRDA:22,1,0,2
BRF:2
BRH:2
end_of_record
TN:
SF:src\components\base\buttonicon\index.ts
FNF:0
FNH:0
LF:0
LH:0
BRF:0
BRH:0
end_of_record
TN:
SF:src\components\base\popup\index.ts
FNF:0
FNH:0
LF:0
LH:0
BRF:0
BRH:0
end_of_record
TN:
SF:src\components\base\popup\popup.tsx
FN:14,(anonymous_0)
FNF:1
FNH:1
FNDA:1,(anonymous_0)
DA:14,1
DA:23,1
LF:2
LH:2
BRF:0
BRH:0
end_of_record
